<?xml version="1.0" encoding="UTF-8"?>
<testng-results ignored="0" total="1" passed="1" failed="0" skipped="0">
  <reporter-output>
  </reporter-output>
  <suite started-at="2025-08-19T14:33:32 IST" name="Default suite" finished-at="2025-08-19T14:33:57 IST" duration-ms="24842">
    <groups>
    </groups>
    <test started-at="2025-08-19T14:33:32 IST" name="Default test" finished-at="2025-08-19T14:33:57 IST" duration-ms="24842">
      <class name="pack1.Lab9_2_TestNG">
        <test-method signature="test2(java.lang.String)[pri:0, instance:pack1.Lab9_2_TestNG@298a5e20]" started-at="2025-08-19T14:33:32 IST" name="test2" finished-at="2025-08-19T14:33:57 IST" duration-ms="24739" status="PASS">
          <params>
            <param index="0">
              <value>
                <![CDATA[chrome]]>
              </value>
            </param>
          </params>
          <reporter-output>
          </reporter-output>
        </test-method> <!-- test2 -->
      </class> <!-- pack1.Lab9_2_TestNG -->
    </test> <!-- Default test -->
  </suite> <!-- Default suite -->
</testng-results>
