<?xml version="1.0" encoding="UTF-8"?>
<testng-results ignored="0" total="1" passed="1" failed="0" skipped="0">
  <reporter-output>
  </reporter-output>
  <suite started-at="2025-08-26T16:37:39 IST" name="Default suite" finished-at="2025-08-26T16:37:46 IST" duration-ms="6632">
    <groups>
    </groups>
    <test started-at="2025-08-26T16:37:39 IST" name="Default test" finished-at="2025-08-26T16:37:46 IST" duration-ms="6632">
      <class name="com.questions.Question9">
        <test-method is-config="true" signature="setup()[pri:0, instance:com.questions.Question9@20d525]" started-at="2025-08-26T16:37:39 IST" name="setup" finished-at="2025-08-26T16:37:44 IST" duration-ms="5087" status="PASS">
          <reporter-output>
          </reporter-output>
        </test-method> <!-- setup -->
        <test-method signature="captureScreenshot()[pri:0, instance:com.questions.Question9@20d525]" started-at="2025-08-26T16:37:44 IST" name="captureScreenshot" finished-at="2025-08-26T16:37:45 IST" duration-ms="926" status="PASS">
          <reporter-output>
          </reporter-output>
        </test-method> <!-- captureScreenshot -->
        <test-method is-config="true" signature="tearDown()[pri:0, instance:com.questions.Question9@20d525]" started-at="2025-08-26T16:37:45 IST" name="tearDown" finished-at="2025-08-26T16:37:46 IST" duration-ms="538" status="PASS">
          <reporter-output>
          </reporter-output>
        </test-method> <!-- tearDown -->
      </class> <!-- com.questions.Question9 -->
    </test> <!-- Default test -->
  </suite> <!-- Default suite -->
</testng-results>
